<?xml version="1.0" encoding="UTF-8"?>
<!-- Generated by org.testng.reporters.JUnitXMLReporter -->
<testsuite ignored="0" hostname="DESKTOP-JE258N5" failures="0" tests="2" name="AMSiteSuiteTestDefault" time="12.688" errors="0" timestamp="2020-11-04T13:53:35 EET">
  <testcase classname="com.automationproject.AMHomePageTest" name="amHomePageLanguageChangeTest" time="3.005"/>
  <testcase classname="com.automationproject.AMHomePageTest" name="amHomePageTitleTest" time="1.047"/>
</testsuite> <!-- AMSiteSuiteTestDefault -->
