<?xml version="1.0" encoding="UTF-8"?>
<!-- Generated by org.testng.reporters.JUnitXMLReporter -->
<testsuite ignored="0" hostname="DESKTOP-JE258N5" failures="0" tests="2" name="AMSiteSuiteTestDefault" time="17.078" errors="0" timestamp="2020-11-05T10:28:13 EET">
  <testcase classname="com.automationproject.AMHomePageTest" name="amHomePageLanguageChangeTest" time="4.177"/>
  <testcase classname="com.automationproject.AMHomePageTest" name="amHomePageTitleTest" time="0.853"/>
</testsuite> <!-- AMSiteSuiteTestDefault -->
