<?xml version="1.0" encoding="UTF-8"?>
<testsuite xmlns:xsi="http://www.w3.org/2001/XMLSchema-instance" xsi:noNamespaceSchemaLocation="https://maven.apache.org/surefire/maven-surefire-plugin/xsd/surefire-test-report-3.0.xsd" version="3.0" name="TestSuite" time="20.399" tests="2" errors="0" skipped="0" failures="0">
  <properties>
[...]
</properties>
  <testcase name="amHomePageLanguageChangeTest" classname="com.automationproject.AMHomePageTest" time="2.665">
    <system-out><![CDATA[2020-10-19 15:11:11,084 main DEBUG Apache Log4j Core 2.13.3 initializing configuration XmlConfiguration[location=C:\Users\olegs\automationFramework\target\classes\log4j2.xml]
2020-10-19 15:11:11,100 main DEBUG Installed 1 script engine
2020-10-19 15:11:11,631 main DEBUG Oracle Nashorn version: 11.0.8, language: ECMAScript, threading: Not Thread Safe, compile: true, names: [nashorn, Nashorn, js, JS, JavaScript, javascript, ECMAScript, ecmascript], factory class: jdk.nashorn.api.scripting.NashornScriptEngineFactory
2020-10-19 15:11:11,631 main DEBUG PluginManager 'Core' found 122 plugins
2020-10-19 15:11:11,631 main DEBUG PluginManager 'Level' found 0 plugins
2020-10-19 15:11:11,652 main DEBUG Building Plugin[name=property, class=org.apache.logging.log4j.core.config.Property].
2020-10-19 15:11:11,684 main TRACE TypeConverterRegistry initializing.
2020-10-19 15:11:11,684 main DEBUG PluginManager 'TypeConverter' found 26 plugins
2020-10-19 15:11:11,693 main DEBUG createProperty(name="basePath", value="./logs")
2020-10-19 15:11:11,693 main DEBUG Building Plugin[name=properties, class=org.apache.logging.log4j.core.config.PropertiesPlugin].
2020-10-19 15:11:11,709 main DEBUG configureSubstitutor(={basePath=./logs}, Configuration(C:\Users\olegs\automationFramework\target\classes\log4j2.xml))
2020-10-19 15:11:11,710 main DEBUG PluginManager 'Lookup' found 16 plugins
2020-10-19 15:11:11,711 main DEBUG Building Plugin[name=layout, class=org.apache.logging.log4j.core.layout.PatternLayout].
2020-10-19 15:11:11,727 main DEBUG PatternLayout$Builder(pattern="%d{HH:mm:ss.SSS} [%t] %-5level %logger{36} - %msg%n", PatternSelector=null, Configuration(C:\Users\olegs\automationFramework\target\classes\log4j2.xml), Replace=null, charset="null", alwaysWriteExceptions="null", disableAnsi="null", noConsoleNoAnsi="null", header="null", footer="null")
2020-10-19 15:11:11,728 main DEBUG PluginManager 'Converter' found 44 plugins
2020-10-19 15:11:11,730 main DEBUG Building Plugin[name=SizeBasedTriggeringPolicy, class=org.apache.logging.log4j.core.appender.rolling.SizeBasedTriggeringPolicy].
2020-10-19 15:11:11,734 main DEBUG createPolicy(size="5000")
2020-10-19 15:11:11,735 main DEBUG Building Plugin[name=appender, class=org.apache.logging.log4j.core.appender.RollingFileAppender].
2020-10-19 15:11:11,761 main DEBUG RollingFileAppender$Builder(fileName="./logs/prints.log", filePattern="./logs/prints-%d{yyyy-MM-dd}.log", append="null", locking="null", SizeBasedTriggeringPolicy(SizeBasedTriggeringPolicy(size=5000)), Strategy=null, advertise="null", advertiseUri="null", createOnDemand="null", filePermissions="null", fileOwner="null", fileGroup="null", bufferedIo="null", bufferSize="null", immediateFlush="null", ignoreExceptions="null", PatternLayout(%d{HH:mm:ss.SSS} [%t] %-5level %logger{36} - %msg%n), name="File", Configuration(C:\Users\olegs\automationFramework\target\classes\log4j2.xml), Filter=null, ={})
2020-10-19 15:11:11,768 main TRACE New file './logs/prints.log' created = false
2020-10-19 15:11:11,791 main DEBUG Returning file creation time for C:\Users\olegs\automationFramework\.\logs\prints.log
2020-10-19 15:11:11,792 main DEBUG Starting RollingFileManager ./logs/prints.log
2020-10-19 15:11:11,798 main DEBUG PluginManager 'FileConverter' found 2 plugins
2020-10-19 15:11:11,836 main DEBUG Setting prev file time to 2020-10-16T15:07:52.580+0300
2020-10-19 15:11:11,836 main DEBUG Initializing triggering policy SizeBasedTriggeringPolicy(size=5000)
2020-10-19 15:11:11,836 main DEBUG Building Plugin[name=layout, class=org.apache.logging.log4j.core.layout.PatternLayout].
2020-10-19 15:11:11,841 main DEBUG PatternLayout$Builder(pattern="%d{HH:mm:ss.SSS} [%t] %-5level %logger{36} - %msg%n", PatternSelector=null, Configuration(C:\Users\olegs\automationFramework\target\classes\log4j2.xml), Replace=null, charset="null", alwaysWriteExceptions="null", disableAnsi="null", noConsoleNoAnsi="null", header="null", footer="null")
2020-10-19 15:11:11,842 main DEBUG Building Plugin[name=appender, class=org.apache.logging.log4j.core.appender.ConsoleAppender].
2020-10-19 15:11:11,843 main DEBUG ConsoleAppender$Builder(target="SYSTEM_OUT", follow="null", direct="null", bufferedIo="null", bufferSize="null", immediateFlush="null", ignoreExceptions="null", PatternLayout(%d{HH:mm:ss.SSS} [%t] %-5level %logger{36} - %msg%n), name="Console", Configuration(C:\Users\olegs\automationFramework\target\classes\log4j2.xml), Filter=null, ={})
2020-10-19 15:11:11,854 main DEBUG Starting OutputStreamManager SYSTEM_OUT.false.false
2020-10-19 15:11:11,854 main DEBUG Building Plugin[name=appenders, class=org.apache.logging.log4j.core.config.AppendersPlugin].
2020-10-19 15:11:11,857 main DEBUG createAppenders(={File, Console})
2020-10-19 15:11:11,859 main DEBUG Building Plugin[name=AppenderRef, class=org.apache.logging.log4j.core.config.AppenderRef].
2020-10-19 15:11:11,861 main DEBUG createAppenderRef(ref="Console", level="null", Filter=null)
2020-10-19 15:11:11,862 main DEBUG Building Plugin[name=root, class=org.apache.logging.log4j.core.config.LoggerConfig$RootLogger].
2020-10-19 15:11:11,864 main DEBUG createLogger(additivity="null", level="TRACE", includeLocation="null", ={Console}, ={}, Configuration(C:\Users\olegs\automationFramework\target\classes\log4j2.xml), Filter=null)
2020-10-19 15:11:11,872 main DEBUG Building Plugin[name=loggers, class=org.apache.logging.log4j.core.config.LoggersPlugin].
2020-10-19 15:11:11,873 main DEBUG createLoggers(={root})
2020-10-19 15:11:11,875 main DEBUG Configuration XmlConfiguration[location=C:\Users\olegs\automationFramework\target\classes\log4j2.xml] initialized
2020-10-19 15:11:11,876 main DEBUG Starting configuration XmlConfiguration[location=C:\Users\olegs\automationFramework\target\classes\log4j2.xml]
2020-10-19 15:11:11,877 main DEBUG Started configuration XmlConfiguration[location=C:\Users\olegs\automationFramework\target\classes\log4j2.xml] OK.
2020-10-19 15:11:11,877 main TRACE Stopping org.apache.logging.log4j.core.config.DefaultConfiguration@38aa816f...
2020-10-19 15:11:11,877 main TRACE DefaultConfiguration notified 1 ReliabilityStrategies that config will be stopped.
2020-10-19 15:11:11,877 main TRACE DefaultConfiguration stopping root LoggerConfig.
2020-10-19 15:11:11,877 main TRACE DefaultConfiguration notifying ReliabilityStrategies that appenders will be stopped.
2020-10-19 15:11:11,877 main TRACE DefaultConfiguration stopping remaining Appenders.
2020-10-19 15:11:11,877 main DEBUG Shutting down OutputStreamManager SYSTEM_OUT.false.false-1
2020-10-19 15:11:11,877 main DEBUG OutputStream closed
2020-10-19 15:11:11,877 main DEBUG Shut down OutputStreamManager SYSTEM_OUT.false.false-1, all resources released: true
2020-10-19 15:11:11,883 main DEBUG Appender DefaultConsole-1 stopped with status true
2020-10-19 15:11:11,884 main TRACE DefaultConfiguration stopped 1 remaining Appenders.
2020-10-19 15:11:11,884 main TRACE DefaultConfiguration cleaning Appenders from 1 LoggerConfigs.
2020-10-19 15:11:11,885 main DEBUG Stopped org.apache.logging.log4j.core.config.DefaultConfiguration@38aa816f OK
2020-10-19 15:11:11,993 main TRACE Reregistering MBeans after reconfigure. Selector=org.apache.logging.log4j.core.selector.ClassLoaderContextSelector@6e5bfdfc
2020-10-19 15:11:11,993 main TRACE Reregistering context (1/1): '30946e09' org.apache.logging.log4j.core.LoggerContext@3d829787
2020-10-19 15:11:11,993 main TRACE Unregistering but no MBeans found matching 'org.apache.logging.log4j2:type=30946e09'
2020-10-19 15:11:11,993 main TRACE Unregistering but no MBeans found matching 'org.apache.logging.log4j2:type=30946e09,component=StatusLogger'
2020-10-19 15:11:11,993 main TRACE Unregistering but no MBeans found matching 'org.apache.logging.log4j2:type=30946e09,component=ContextSelector'
2020-10-19 15:11:11,993 main TRACE Unregistering but no MBeans found matching 'org.apache.logging.log4j2:type=30946e09,component=Loggers,name=*'
2020-10-19 15:11:11,993 main TRACE Unregistering but no MBeans found matching 'org.apache.logging.log4j2:type=30946e09,component=Appenders,name=*'
2020-10-19 15:11:11,993 main TRACE Unregistering but no MBeans found matching 'org.apache.logging.log4j2:type=30946e09,component=AsyncAppenders,name=*'
2020-10-19 15:11:11,993 main TRACE Unregistering but no MBeans found matching 'org.apache.logging.log4j2:type=30946e09,component=AsyncLoggerRingBuffer'
2020-10-19 15:11:11,993 main TRACE Unregistering but no MBeans found matching 'org.apache.logging.log4j2:type=30946e09,component=Loggers,name=*,subtype=RingBuffer'
2020-10-19 15:11:12,009 main DEBUG Registering MBean org.apache.logging.log4j2:type=30946e09
2020-10-19 15:11:12,009 main DEBUG Registering MBean org.apache.logging.log4j2:type=30946e09,component=StatusLogger
2020-10-19 15:11:12,009 main DEBUG Registering MBean org.apache.logging.log4j2:type=30946e09,component=ContextSelector
2020-10-19 15:11:12,009 main DEBUG Registering MBean org.apache.logging.log4j2:type=30946e09,component=Loggers,name=
2020-10-19 15:11:12,009 main DEBUG Registering MBean org.apache.logging.log4j2:type=30946e09,component=Appenders,name=Console
2020-10-19 15:11:12,024 main DEBUG Registering MBean org.apache.logging.log4j2:type=30946e09,component=Appenders,name=File
2020-10-19 15:11:12,024 main TRACE Using default SystemClock for timestamps.
2020-10-19 15:11:12,024 main DEBUG org.apache.logging.log4j.core.util.SystemClock supports precise timestamps.
2020-10-19 15:11:12,024 main TRACE Using DummyNanoClock for nanosecond timestamps.
2020-10-19 15:11:12,024 main DEBUG Reconfiguration complete for context[name=30946e09] at URI C:\Users\olegs\automationFramework\target\classes\log4j2.xml (org.apache.logging.log4j.core.LoggerContext@3d829787) with optional ClassLoader: null
2020-10-19 15:11:12,024 main DEBUG Shutdown hook enabled. Registering a new one.
2020-10-19 15:11:12,024 main DEBUG LoggerContext[name=30946e09, org.apache.logging.log4j.core.LoggerContext@3d829787] started OK.
15:11:19.424 [TestNG-tests-1] INFO  com.myautomationproject.BaseClass - Driver is initialized.
15:11:21.071 [TestNG-tests-1] INFO  com.myautomationproject.BaseClass - Homepage is loaded.
15:11:22.204 [TestNG-tests-1] INFO  com.myautomationproject.BaseClass - Popup window is closed.
15:11:23.213 [TestNG-tests-1] INFO  com.myautomationproject.BaseClass - Language is changed to RO.
15:11:23.259 [TestNG-tests-1] INFO  com.myautomationproject.BaseClass - Validated the language change.
15:11:25.111 [TestNG-tests-1] INFO  com.myautomationproject.BaseClass - Changed the language back to RU.
]]></system-out>
    <system-err><![CDATA[Warning: Nashorn engine is planned to be removed from a future JDK release
Starting ChromeDriver 86.0.4240.22 (398b0743353ff36fb1b82468f63a3a93b4e2e89e-refs/branch-heads/4240@{#378}) on port 19275
Only local connections are allowed.
Please see https://chromedriver.chromium.org/security-considerations for suggestions on keeping ChromeDriver safe.
ChromeDriver was started successfully.
???. 19, 2020 3:11:17 PM org.openqa.selenium.remote.ProtocolHandshake createSession
INFO: Detected dialect: W3C
]]></system-err>
  </testcase>
  <testcase name="amHomePageTitleTest" classname="com.automationproject.AMHomePageTest" time="0.991">
    <system-out><![CDATA[15:11:26.073 [TestNG-tests-1] INFO  com.myautomationproject.BaseClass - The default language is RU.
15:11:26.118 [TestNG-tests-1] INFO  com.myautomationproject.BaseClass - Validated the title according to default language.
]]></system-out>
  </testcase>
</testsuite>