<?xml version="1.0" encoding="UTF-8"?>
<testsuite xmlns:xsi="http://www.w3.org/2001/XMLSchema-instance" xsi:noNamespaceSchemaLocation="https://maven.apache.org/surefire/maven-surefire-plugin/xsd/surefire-test-report-3.0.xsd" version="3.0" name="TestSuite" time="22.11" tests="1" errors="0" skipped="0" failures="0">
  <properties>
[...]
</properties>
  <testcase name="runScenario[&quot;Default login from the home page&quot;, &quot;Optional[Site Login]&quot;](1)" classname="cucumberOptions.TestRunner" time="19.085">
    <system-out><![CDATA[2020-11-05 10:40:08,756 TestNG-tests-1 DEBUG Apache Log4j Core 2.13.3 initializing configuration XmlConfiguration[location=C:\Users\olegs\automationFramework\target\classes\log4j2.xml]
2020-11-05 10:40:08,775 TestNG-tests-1 DEBUG Installed 1 script engine
2020-11-05 10:40:09,115 TestNG-tests-1 DEBUG Oracle Nashorn version: 11.0.8, language: ECMAScript, threading: Not Thread Safe, compile: true, names: [nashorn, Nashorn, js, JS, JavaScript, javascript, ECMAScript, ecmascript], factory class: jdk.nashorn.api.scripting.NashornScriptEngineFactory
2020-11-05 10:40:09,128 TestNG-tests-1 DEBUG PluginManager 'Core' found 122 plugins
2020-11-05 10:40:09,128 TestNG-tests-1 DEBUG PluginManager 'Level' found 0 plugins
2020-11-05 10:40:09,133 TestNG-tests-1 DEBUG Building Plugin[name=property, class=org.apache.logging.log4j.core.config.Property].
2020-11-05 10:40:09,141 TestNG-tests-1 TRACE TypeConverterRegistry initializing.
2020-11-05 10:40:09,141 TestNG-tests-1 DEBUG PluginManager 'TypeConverter' found 26 plugins
2020-11-05 10:40:09,152 TestNG-tests-1 DEBUG createProperty(name="basePath", value="./logs")
2020-11-05 10:40:09,152 TestNG-tests-1 DEBUG Building Plugin[name=properties, class=org.apache.logging.log4j.core.config.PropertiesPlugin].
2020-11-05 10:40:09,164 TestNG-tests-1 DEBUG configureSubstitutor(={basePath=./logs}, Configuration(C:\Users\olegs\automationFramework\target\classes\log4j2.xml))
2020-11-05 10:40:09,168 TestNG-tests-1 DEBUG PluginManager 'Lookup' found 16 plugins
2020-11-05 10:40:09,170 TestNG-tests-1 DEBUG Building Plugin[name=layout, class=org.apache.logging.log4j.core.layout.PatternLayout].
2020-11-05 10:40:09,176 TestNG-tests-1 DEBUG PatternLayout$Builder(pattern="%d{HH:mm:ss.SSS} [%t] %-5level %logger{36} - %msg%n", PatternSelector=null, Configuration(C:\Users\olegs\automationFramework\target\classes\log4j2.xml), Replace=null, charset="null", alwaysWriteExceptions="null", disableAnsi="null", noConsoleNoAnsi="null", header="null", footer="null")
2020-11-05 10:40:09,176 TestNG-tests-1 DEBUG PluginManager 'Converter' found 44 plugins
2020-11-05 10:40:09,176 TestNG-tests-1 DEBUG Building Plugin[name=SizeBasedTriggeringPolicy, class=org.apache.logging.log4j.core.appender.rolling.SizeBasedTriggeringPolicy].
2020-11-05 10:40:09,176 TestNG-tests-1 DEBUG createPolicy(size="5000")
2020-11-05 10:40:09,176 TestNG-tests-1 DEBUG Building Plugin[name=appender, class=org.apache.logging.log4j.core.appender.RollingFileAppender].
2020-11-05 10:40:09,196 TestNG-tests-1 DEBUG RollingFileAppender$Builder(fileName="./logs/prints.log", filePattern="./logs/prints-%d{yyyy-MM-dd}.log", append="null", locking="null", SizeBasedTriggeringPolicy(SizeBasedTriggeringPolicy(size=5000)), Strategy=null, advertise="null", advertiseUri="null", createOnDemand="null", filePermissions="null", fileOwner="null", fileGroup="null", bufferedIo="null", bufferSize="null", immediateFlush="null", ignoreExceptions="null", PatternLayout(%d{HH:mm:ss.SSS} [%t] %-5level %logger{36} - %msg%n), name="File", Configuration(C:\Users\olegs\automationFramework\target\classes\log4j2.xml), Filter=null, ={})
2020-11-05 10:40:09,201 TestNG-tests-1 TRACE New file './logs/prints.log' created = false
2020-11-05 10:40:09,201 TestNG-tests-1 DEBUG Returning file creation time for C:\Users\olegs\automationFramework\.\logs\prints.log
2020-11-05 10:40:09,201 TestNG-tests-1 DEBUG Starting RollingFileManager ./logs/prints.log
2020-11-05 10:40:09,213 TestNG-tests-1 DEBUG PluginManager 'FileConverter' found 2 plugins
2020-11-05 10:40:09,227 TestNG-tests-1 DEBUG Setting prev file time to 2020-10-16T15:07:52.580+0300
2020-11-05 10:40:09,237 TestNG-tests-1 DEBUG Initializing triggering policy SizeBasedTriggeringPolicy(size=5000)
2020-11-05 10:40:09,237 TestNG-tests-1 DEBUG Building Plugin[name=layout, class=org.apache.logging.log4j.core.layout.PatternLayout].
2020-11-05 10:40:09,238 TestNG-tests-1 DEBUG PatternLayout$Builder(pattern="%d{HH:mm:ss.SSS} [%t] %-5level %logger{36} - %msg%n", PatternSelector=null, Configuration(C:\Users\olegs\automationFramework\target\classes\log4j2.xml), Replace=null, charset="null", alwaysWriteExceptions="null", disableAnsi="null", noConsoleNoAnsi="null", header="null", footer="null")
2020-11-05 10:40:09,238 TestNG-tests-1 DEBUG Building Plugin[name=appender, class=org.apache.logging.log4j.core.appender.ConsoleAppender].
2020-11-05 10:40:09,242 TestNG-tests-1 DEBUG ConsoleAppender$Builder(target="SYSTEM_OUT", follow="null", direct="null", bufferedIo="null", bufferSize="null", immediateFlush="null", ignoreExceptions="null", PatternLayout(%d{HH:mm:ss.SSS} [%t] %-5level %logger{36} - %msg%n), name="Console", Configuration(C:\Users\olegs\automationFramework\target\classes\log4j2.xml), Filter=null, ={})
2020-11-05 10:40:09,245 TestNG-tests-1 DEBUG Starting OutputStreamManager SYSTEM_OUT.false.false
2020-11-05 10:40:09,245 TestNG-tests-1 DEBUG Building Plugin[name=appenders, class=org.apache.logging.log4j.core.config.AppendersPlugin].
2020-11-05 10:40:09,246 TestNG-tests-1 DEBUG createAppenders(={File, Console})
2020-11-05 10:40:09,247 TestNG-tests-1 DEBUG Building Plugin[name=AppenderRef, class=org.apache.logging.log4j.core.config.AppenderRef].
2020-11-05 10:40:09,247 TestNG-tests-1 DEBUG createAppenderRef(ref="Console", level="null", Filter=null)
2020-11-05 10:40:09,248 TestNG-tests-1 DEBUG Building Plugin[name=root, class=org.apache.logging.log4j.core.config.LoggerConfig$RootLogger].
2020-11-05 10:40:09,248 TestNG-tests-1 DEBUG createLogger(additivity="null", level="INFO", includeLocation="null", ={Console}, ={}, Configuration(C:\Users\olegs\automationFramework\target\classes\log4j2.xml), Filter=null)
2020-11-05 10:40:09,251 TestNG-tests-1 DEBUG Building Plugin[name=loggers, class=org.apache.logging.log4j.core.config.LoggersPlugin].
2020-11-05 10:40:09,251 TestNG-tests-1 DEBUG createLoggers(={root})
2020-11-05 10:40:09,251 TestNG-tests-1 DEBUG Configuration XmlConfiguration[location=C:\Users\olegs\automationFramework\target\classes\log4j2.xml] initialized
2020-11-05 10:40:09,251 TestNG-tests-1 DEBUG Starting configuration XmlConfiguration[location=C:\Users\olegs\automationFramework\target\classes\log4j2.xml]
2020-11-05 10:40:09,254 TestNG-tests-1 DEBUG Started configuration XmlConfiguration[location=C:\Users\olegs\automationFramework\target\classes\log4j2.xml] OK.
2020-11-05 10:40:09,255 TestNG-tests-1 TRACE Stopping org.apache.logging.log4j.core.config.DefaultConfiguration@209cd378...
2020-11-05 10:40:09,255 TestNG-tests-1 TRACE DefaultConfiguration notified 1 ReliabilityStrategies that config will be stopped.
2020-11-05 10:40:09,256 TestNG-tests-1 TRACE DefaultConfiguration stopping root LoggerConfig.
2020-11-05 10:40:09,256 TestNG-tests-1 TRACE DefaultConfiguration notifying ReliabilityStrategies that appenders will be stopped.
2020-11-05 10:40:09,257 TestNG-tests-1 TRACE DefaultConfiguration stopping remaining Appenders.
2020-11-05 10:40:09,257 TestNG-tests-1 DEBUG Shutting down OutputStreamManager SYSTEM_OUT.false.false-1
2020-11-05 10:40:09,258 TestNG-tests-1 DEBUG OutputStream closed
2020-11-05 10:40:09,258 TestNG-tests-1 DEBUG Shut down OutputStreamManager SYSTEM_OUT.false.false-1, all resources released: true
2020-11-05 10:40:09,259 TestNG-tests-1 DEBUG Appender DefaultConsole-1 stopped with status true
2020-11-05 10:40:09,259 TestNG-tests-1 TRACE DefaultConfiguration stopped 1 remaining Appenders.
2020-11-05 10:40:09,259 TestNG-tests-1 TRACE DefaultConfiguration cleaning Appenders from 1 LoggerConfigs.
2020-11-05 10:40:09,261 TestNG-tests-1 DEBUG Stopped org.apache.logging.log4j.core.config.DefaultConfiguration@209cd378 OK
2020-11-05 10:40:09,333 TestNG-tests-1 TRACE Reregistering MBeans after reconfigure. Selector=org.apache.logging.log4j.core.selector.ClassLoaderContextSelector@30970527
2020-11-05 10:40:09,336 TestNG-tests-1 TRACE Reregistering context (1/1): '30946e09' org.apache.logging.log4j.core.LoggerContext@465fad12
2020-11-05 10:40:09,336 TestNG-tests-1 TRACE Unregistering but no MBeans found matching 'org.apache.logging.log4j2:type=30946e09'
2020-11-05 10:40:09,337 TestNG-tests-1 TRACE Unregistering but no MBeans found matching 'org.apache.logging.log4j2:type=30946e09,component=StatusLogger'
2020-11-05 10:40:09,337 TestNG-tests-1 TRACE Unregistering but no MBeans found matching 'org.apache.logging.log4j2:type=30946e09,component=ContextSelector'
2020-11-05 10:40:09,337 TestNG-tests-1 TRACE Unregistering but no MBeans found matching 'org.apache.logging.log4j2:type=30946e09,component=Loggers,name=*'
2020-11-05 10:40:09,338 TestNG-tests-1 TRACE Unregistering but no MBeans found matching 'org.apache.logging.log4j2:type=30946e09,component=Appenders,name=*'
2020-11-05 10:40:09,338 TestNG-tests-1 TRACE Unregistering but no MBeans found matching 'org.apache.logging.log4j2:type=30946e09,component=AsyncAppenders,name=*'
2020-11-05 10:40:09,338 TestNG-tests-1 TRACE Unregistering but no MBeans found matching 'org.apache.logging.log4j2:type=30946e09,component=AsyncLoggerRingBuffer'
2020-11-05 10:40:09,339 TestNG-tests-1 TRACE Unregistering but no MBeans found matching 'org.apache.logging.log4j2:type=30946e09,component=Loggers,name=*,subtype=RingBuffer'
2020-11-05 10:40:09,341 TestNG-tests-1 DEBUG Registering MBean org.apache.logging.log4j2:type=30946e09
2020-11-05 10:40:09,345 TestNG-tests-1 DEBUG Registering MBean org.apache.logging.log4j2:type=30946e09,component=StatusLogger
2020-11-05 10:40:09,346 TestNG-tests-1 DEBUG Registering MBean org.apache.logging.log4j2:type=30946e09,component=ContextSelector
2020-11-05 10:40:09,349 TestNG-tests-1 DEBUG Registering MBean org.apache.logging.log4j2:type=30946e09,component=Loggers,name=
2020-11-05 10:40:09,351 TestNG-tests-1 DEBUG Registering MBean org.apache.logging.log4j2:type=30946e09,component=Appenders,name=Console
2020-11-05 10:40:09,352 TestNG-tests-1 DEBUG Registering MBean org.apache.logging.log4j2:type=30946e09,component=Appenders,name=File
2020-11-05 10:40:09,355 TestNG-tests-1 TRACE Using default SystemClock for timestamps.
2020-11-05 10:40:09,355 TestNG-tests-1 DEBUG org.apache.logging.log4j.core.util.SystemClock supports precise timestamps.
2020-11-05 10:40:09,356 TestNG-tests-1 TRACE Using DummyNanoClock for nanosecond timestamps.
2020-11-05 10:40:09,356 TestNG-tests-1 DEBUG Reconfiguration complete for context[name=30946e09] at URI C:\Users\olegs\automationFramework\target\classes\log4j2.xml (org.apache.logging.log4j.core.LoggerContext@465fad12) with optional ClassLoader: null
2020-11-05 10:40:09,356 TestNG-tests-1 DEBUG Shutdown hook enabled. Registering a new one.
2020-11-05 10:40:09,356 TestNG-tests-1 DEBUG LoggerContext[name=30946e09, org.apache.logging.log4j.core.LoggerContext@465fad12] started OK.
10:40:17.524 [TestNG-tests-1] INFO  stepDefinitions.LoginStepDefinition - Driver was initialized
10:40:19.934 [TestNG-tests-1] INFO  stepDefinitions.LoginStepDefinition - Homepage was loaded successfully
10:40:21.932 [TestNG-tests-1] INFO  stepDefinitions.LoginStepDefinition - Popup window was closed
10:40:24.586 [TestNG-tests-1] INFO  stepDefinitions.LoginStepDefinition - Typed login and password and clicked on Login button
10:40:24.586 [TestNG-tests-1] INFO  stepDefinitions.LoginStepDefinition - Username: oleg.statnii@automall.md
10:40:25.008 [TestNG-tests-1] INFO  stepDefinitions.LoginStepDefinition - Popup window was closed
10:40:25.078 [TestNG-tests-1] INFO  stepDefinitions.LoginStepDefinition - User is successfully logged in
10:40:25.124 [TestNG-tests-1] INFO  stepDefinitions.LoginStepDefinition - The UserID of the logged user is correct: 28673
]]></system-out>
    <system-err><![CDATA[Warning: Nashorn engine is planned to be removed from a future JDK release
Starting ChromeDriver 86.0.4240.22 (398b0743353ff36fb1b82468f63a3a93b4e2e89e-refs/branch-heads/4240@{#378}) on port 15059
Only local connections are allowed.
Please see https://chromedriver.chromium.org/security-considerations for suggestions on keeping ChromeDriver safe.
ChromeDriver was started successfully.
????. 05, 2020 10:40:15 AM org.openqa.selenium.remote.ProtocolHandshake createSession
INFO: Detected dialect: W3C
]]></system-err>
  </testcase>
</testsuite>