-------------------------------------------------------------------------------
Test set: TestSuite
-------------------------------------------------------------------------------
Tests run: 2, Failures: 1, Errors: 0, Skipped: 0, Time elapsed: 20.788 s <<< FAILURE! - in TestSuite
com.automationproject.AMHomePageTest.amHomePageLanguageChangeTest  Time elapsed: 3.271 s  <<< FAILURE!
java.lang.AssertionError: expected [2] but found [1]
	at com.automationproject.AMHomePageTest.amHomePageLanguageChangeTest(AMHomePageTest.java:43)

