<?xml version="1.0" encoding="UTF-8"?>
<testng-results ignored="0" total="2" passed="2" failed="0" skipped="0">
  <reporter-output>
  </reporter-output>
  <suite started-at="2020-10-21T16:52:44 EEST" name="AMSiteSuite" finished-at="2020-10-21T16:53:00 EEST" duration-ms="16174">
    <groups>
    </groups>
    <test started-at="2020-10-21T16:52:44 EEST" name="AMSiteSuiteTestDefault" finished-at="2020-10-21T16:53:00 EEST" duration-ms="16174">
      <class name="com.automationproject.AMHomePageTest">
        <test-method is-config="true" signature="amHomePageSetup()[pri:0, instance:com.automationproject.AMHomePageTest@7e11ab3d]" started-at="2020-10-21T16:52:44 EEST" name="amHomePageSetup" finished-at="2020-10-21T16:52:54 EEST" duration-ms="10065" status="PASS">
          <reporter-output>
          </reporter-output>
        </test-method> <!-- amHomePageSetup -->
        <test-method signature="amHomePageLanguageChangeTest()[pri:0, instance:com.automationproject.AMHomePageTest@7e11ab3d]" started-at="2020-10-21T16:52:54 EEST" name="amHomePageLanguageChangeTest" finished-at="2020-10-21T16:52:58 EEST" duration-ms="4056" status="PASS">
          <reporter-output>
          </reporter-output>
        </test-method> <!-- amHomePageLanguageChangeTest -->
        <test-method signature="amHomePageTitleTest()[pri:0, instance:com.automationproject.AMHomePageTest@7e11ab3d]" started-at="2020-10-21T16:52:58 EEST" name="amHomePageTitleTest" finished-at="2020-10-21T16:52:59 EEST" duration-ms="986" status="PASS">
          <reporter-output>
          </reporter-output>
        </test-method> <!-- amHomePageTitleTest -->
        <test-method is-config="true" signature="closeDriver()[pri:0, instance:com.automationproject.AMHomePageTest@7e11ab3d]" started-at="2020-10-21T16:52:59 EEST" name="closeDriver" finished-at="2020-10-21T16:53:00 EEST" duration-ms="1004" status="PASS">
          <reporter-output>
          </reporter-output>
        </test-method> <!-- closeDriver -->
      </class> <!-- com.automationproject.AMHomePageTest -->
    </test> <!-- AMSiteSuiteTestDefault -->
  </suite> <!-- AMSiteSuite -->
</testng-results>
